{"C:\\Users\\User\\Desktop\\rs-react\\rsschool-react\\src\\App.tsx": {"path":"C:\\Users\\User\\Desktop\\rs-react\\rsschool-react\\src\\App.tsx","statementMap":{"0":{"start":{"line":10,"column":4},"end":{"line":10,"column":null}},"1":{"start":{"line":11,"column":4},"end":{"line":17,"column":null}},"2":{"start":{"line":20,"column":24},"end":{"line":20,"column":null}},"3":{"start":{"line":21,"column":20},"end":{"line":21,"column":34}},"4":{"start":{"line":22,"column":4},"end":{"line":22,"column":null}},"5":{"start":{"line":23,"column":4},"end":{"line":23,"column":null}},"6":{"start":{"line":24,"column":4},"end":{"line":49,"column":null}},"7":{"start":{"line":25,"column":26},"end":{"line":25,"column":null}},"8":{"start":{"line":27,"column":6},"end":{"line":46,"column":null}},"9":{"start":{"line":28,"column":25},"end":{"line":29,"column":null}},"10":{"start":{"line":31,"column":8},"end":{"line":31,"column":null}},"11":{"start":{"line":31,"column":26},"end":{"line":31,"column":null}},"12":{"start":{"line":32,"column":36},"end":{"line":32,"column":57}},"13":{"start":{"line":33,"column":8},"end":{"line":33,"column":null}},"14":{"start":{"line":35,"column":25},"end":{"line":36,"column":null}},"15":{"start":{"line":38,"column":8},"end":{"line":38,"column":null}},"16":{"start":{"line":38,"column":26},"end":{"line":38,"column":null}},"17":{"start":{"line":39,"column":21},"end":{"line":39,"column":42}},"18":{"start":{"line":41,"column":41},"end":{"line":44,"column":null}},"19":{"start":{"line":43,"column":12},"end":{"line":43,"column":46}},"20":{"start":{"line":43,"column":37},"end":{"line":43,"column":45}},"21":{"start":{"line":46,"column":8},"end":{"line":46,"column":null}},"22":{"start":{"line":49,"column":6},"end":{"line":49,"column":null}},"23":{"start":{"line":54,"column":25},"end":{"line":54,"column":null}},"24":{"start":{"line":55,"column":4},"end":{"line":57,"column":null}},"25":{"start":{"line":56,"column":6},"end":{"line":56,"column":null}},"26":{"start":{"line":61,"column":4},"end":{"line":62,"column":null}},"27":{"start":{"line":62,"column":6},"end":{"line":62,"column":null}},"28":{"start":{"line":64,"column":49},"end":{"line":64,"column":null}},"29":{"start":{"line":65,"column":4},"end":{"line":78,"column":null}},"30":{"start":{"line":69,"column":39},"end":{"line":69,"column":72}},"31":{"start":{"line":70,"column":26},"end":{"line":70,"column":null}},"32":{"start":{"line":75,"column":25},"end":{"line":75,"column":60}}},"fnMap":{"0":{"name":"(anonymous_0)","decl":{"start":{"line":9,"column":2},"end":{"line":9,"column":14}},"loc":{"start":{"line":9,"column":29},"end":{"line":17,"column":null}},"line":9},"1":{"name":"(anonymous_1)","decl":{"start":{"line":19,"column":8},"end":{"line":19,"column":21}},"loc":{"start":{"line":19,"column":21},"end":{"line":49,"column":null}},"line":19},"2":{"name":"(anonymous_2)","decl":{"start":{"line":42,"column":23},"end":{"line":42,"column":28}},"loc":{"start":{"line":43,"column":12},"end":{"line":43,"column":46}},"line":43},"3":{"name":"(anonymous_3)","decl":{"start":{"line":43,"column":25},"end":{"line":43,"column":31}},"loc":{"start":{"line":43,"column":37},"end":{"line":43,"column":45}},"line":43},"4":{"name":"(anonymous_4)","decl":{"start":{"line":53,"column":2},"end":{"line":53,"column":28}},"loc":{"start":{"line":53,"column":28},"end":{"line":57,"column":null}},"line":53},"5":{"name":"(anonymous_5)","decl":{"start":{"line":55,"column":43},"end":{"line":55,"column":51}},"loc":{"start":{"line":55,"column":51},"end":{"line":57,"column":null}},"line":55},"6":{"name":"(anonymous_6)","decl":{"start":{"line":60,"column":2},"end":{"line":60,"column":11}},"loc":{"start":{"line":60,"column":11},"end":{"line":78,"column":null}},"line":60},"7":{"name":"(anonymous_7)","decl":{"start":{"line":69,"column":10},"end":{"line":69,"column":21}},"loc":{"start":{"line":69,"column":39},"end":{"line":69,"column":72}},"line":69},"8":{"name":"(anonymous_8)","decl":{"start":{"line":70,"column":10},"end":{"line":70,"column":26}},"loc":{"start":{"line":70,"column":26},"end":{"line":70,"column":null}},"line":70},"9":{"name":"(anonymous_9)","decl":{"start":{"line":75,"column":10},"end":{"line":75,"column":25}},"loc":{"start":{"line":75,"column":25},"end":{"line":75,"column":60}},"line":75}},"branchMap":{"0":{"loc":{"start":{"line":27,"column":6},"end":{"line":46,"column":null}},"type":"if","locations":[{"start":{"line":27,"column":6},"end":{"line":46,"column":null}},{"start":{"line":34,"column":13},"end":{"line":46,"column":null}}],"line":27},"1":{"loc":{"start":{"line":31,"column":8},"end":{"line":31,"column":null}},"type":"if","locations":[{"start":{"line":31,"column":8},"end":{"line":31,"column":null}},{"start":{},"end":{}}],"line":31},"2":{"loc":{"start":{"line":38,"column":8},"end":{"line":38,"column":null}},"type":"if","locations":[{"start":{"line":38,"column":8},"end":{"line":38,"column":null}},{"start":{},"end":{}}],"line":38},"3":{"loc":{"start":{"line":54,"column":25},"end":{"line":54,"column":null}},"type":"binary-expr","locations":[{"start":{"line":54,"column":25},"end":{"line":54,"column":56}},{"start":{"line":54,"column":60},"end":{"line":54,"column":null}}],"line":54},"4":{"loc":{"start":{"line":61,"column":4},"end":{"line":62,"column":null}},"type":"if","locations":[{"start":{"line":61,"column":4},"end":{"line":62,"column":null}},{"start":{},"end":{}}],"line":61}},"s":{"0":9,"1":9,"2":10,"3":10,"4":10,"5":10,"6":10,"7":10,"8":10,"9":4,"10":4,"11":1,"12":3,"13":3,"14":6,"15":5,"16":5,"17":4,"18":4,"19":4,"20":4,"21":4,"22":3,"23":8,"24":8,"25":8,"26":53,"27":2,"28":51,"29":51,"30":17,"31":2,"32":1},"f":{"0":9,"1":10,"2":4,"3":4,"4":8,"5":8,"6":53,"7":17,"8":2,"9":1},"b":{"0":[4,6],"1":[1,3],"2":[1,4],"3":[8,6],"4":[2,51]},"meta":{"lastBranch":5,"lastFunction":10,"lastStatement":33,"seen":{"f:9:2:9:14":0,"s:10:4:10:Infinity":0,"s:11:4:17:Infinity":1,"f:19:8:19:21":1,"s:20:24:20:Infinity":2,"s:21:20:21:34":3,"s:22:4:22:Infinity":4,"s:23:4:23:Infinity":5,"s:24:4:49:Infinity":6,"s:25:26:25:Infinity":7,"b:27:6:46:Infinity:34:13:46:Infinity":0,"s:27:6:46:Infinity":8,"s:28:25:29:Infinity":9,"b:31:8:31:Infinity:undefined:undefined:undefined:undefined":1,"s:31:8:31:Infinity":10,"s:31:26:31:Infinity":11,"s:32:36:32:57":12,"s:33:8:33:Infinity":13,"s:35:25:36:Infinity":14,"b:38:8:38:Infinity:undefined:undefined:undefined:undefined":2,"s:38:8:38:Infinity":15,"s:38:26:38:Infinity":16,"s:39:21:39:42":17,"s:41:41:44:Infinity":18,"f:42:23:42:28":2,"s:43:12:43:46":19,"f:43:25:43:31":3,"s:43:37:43:45":20,"s:46:8:46:Infinity":21,"s:49:6:49:Infinity":22,"f:53:2:53:28":4,"s:54:25:54:Infinity":23,"b:54:25:54:56:54:60:54:Infinity":3,"s:55:4:57:Infinity":24,"f:55:43:55:51":5,"s:56:6:56:Infinity":25,"f:60:2:60:11":6,"b:61:4:62:Infinity:undefined:undefined:undefined:undefined":4,"s:61:4:62:Infinity":26,"s:62:6:62:Infinity":27,"s:64:49:64:Infinity":28,"s:65:4:78:Infinity":29,"f:69:10:69:21":7,"s:69:39:69:72":30,"f:70:10:70:26":8,"s:70:26:70:Infinity":31,"f:75:10:75:25":9,"s:75:25:75:60":32}}}
,"C:\\Users\\User\\Desktop\\rs-react\\rsschool-react\\src\\components\\Card.tsx": {"path":"C:\\Users\\User\\Desktop\\rs-react\\rsschool-react\\src\\components\\Card.tsx","statementMap":{"0":{"start":{"line":5,"column":24},"end":{"line":5,"column":null}},"1":{"start":{"line":6,"column":4},"end":{"line":11,"column":null}},"2":{"start":{"line":10,"column":43},"end":{"line":10,"column":55}},"3":{"start":{"line":11,"column":40},"end":{"line":11,"column":55}}},"fnMap":{"0":{"name":"(anonymous_0)","decl":{"start":{"line":4,"column":2},"end":{"line":4,"column":11}},"loc":{"start":{"line":4,"column":11},"end":{"line":11,"column":null}},"line":4},"1":{"name":"(anonymous_1)","decl":{"start":{"line":10,"column":32},"end":{"line":10,"column":37}},"loc":{"start":{"line":10,"column":43},"end":{"line":10,"column":55}},"line":10},"2":{"name":"(anonymous_2)","decl":{"start":{"line":11,"column":29},"end":{"line":11,"column":34}},"loc":{"start":{"line":11,"column":40},"end":{"line":11,"column":55}},"line":11}},"branchMap":{},"s":{"0":31,"1":31,"2":55,"3":60},"f":{"0":31,"1":55,"2":60},"b":{},"meta":{"lastBranch":0,"lastFunction":3,"lastStatement":4,"seen":{"f:4:2:4:11":0,"s:5:24:5:Infinity":0,"s:6:4:11:Infinity":1,"f:10:32:10:37":1,"s:10:43:10:55":2,"f:11:29:11:34":2,"s:11:40:11:55":3}}}
,"C:\\Users\\User\\Desktop\\rs-react\\rsschool-react\\src\\components\\CardList.tsx": {"path":"C:\\Users\\User\\Desktop\\rs-react\\rsschool-react\\src\\components\\CardList.tsx","statementMap":{"0":{"start":{"line":7,"column":40},"end":{"line":7,"column":null}},"1":{"start":{"line":8,"column":4},"end":{"line":13,"column":null}},"2":{"start":{"line":13,"column":10},"end":{"line":13,"column":null}}},"fnMap":{"0":{"name":"(anonymous_0)","decl":{"start":{"line":6,"column":2},"end":{"line":6,"column":11}},"loc":{"start":{"line":6,"column":11},"end":{"line":13,"column":null}},"line":6},"1":{"name":"(anonymous_1)","decl":{"start":{"line":12,"column":17},"end":{"line":12,"column":22}},"loc":{"start":{"line":13,"column":10},"end":{"line":13,"column":null}},"line":13}},"branchMap":{"0":{"loc":{"start":{"line":10,"column":9},"end":{"line":10,"column":null}},"type":"binary-expr","locations":[{"start":{"line":10,"column":9},"end":{"line":10,"column":20}},{"start":{"line":10,"column":20},"end":{"line":10,"column":null}}],"line":10},"1":{"loc":{"start":{"line":11,"column":9},"end":{"line":11,"column":null}},"type":"binary-expr","locations":[{"start":{"line":11,"column":9},"end":{"line":11,"column":18}},{"start":{"line":11,"column":18},"end":{"line":11,"column":null}}],"line":11}},"s":{"0":55,"1":55,"2":28},"f":{"0":55,"1":28},"b":{"0":[55,18],"1":[55,4]},"meta":{"lastBranch":2,"lastFunction":2,"lastStatement":3,"seen":{"f:6:2:6:11":0,"s:7:40:7:Infinity":0,"s:8:4:13:Infinity":1,"b:10:9:10:20:10:20:10:Infinity":0,"b:11:9:11:18:11:18:11:Infinity":1,"f:12:17:12:22":1,"s:13:10:13:Infinity":2}}}
,"C:\\Users\\User\\Desktop\\rs-react\\rsschool-react\\src\\components\\ErrorBoundary.tsx": {"path":"C:\\Users\\User\\Desktop\\rs-react\\rsschool-react\\src\\components\\ErrorBoundary.tsx","statementMap":{"0":{"start":{"line":15,"column":4},"end":{"line":15,"column":null}},"1":{"start":{"line":16,"column":4},"end":{"line":16,"column":null}},"2":{"start":{"line":20,"column":4},"end":{"line":20,"column":null}},"3":{"start":{"line":24,"column":4},"end":{"line":24,"column":null}},"4":{"start":{"line":27,"column":4},"end":{"line":36,"column":null}},"5":{"start":{"line":28,"column":6},"end":{"line":36,"column":null}},"6":{"start":{"line":33,"column":27},"end":{"line":33,"column":61}},"7":{"start":{"line":40,"column":4},"end":{"line":40,"column":null}}},"fnMap":{"0":{"name":"(anonymous_0)","decl":{"start":{"line":14,"column":2},"end":{"line":14,"column":14}},"loc":{"start":{"line":14,"column":41},"end":{"line":16,"column":null}},"line":14},"1":{"name":"(anonymous_1)","decl":{"start":{"line":19,"column":9},"end":{"line":19,"column":56}},"loc":{"start":{"line":19,"column":56},"end":{"line":20,"column":null}},"line":19},"2":{"name":"(anonymous_2)","decl":{"start":{"line":23,"column":2},"end":{"line":23,"column":20}},"loc":{"start":{"line":23,"column":68},"end":{"line":24,"column":null}},"line":23},"3":{"name":"(anonymous_3)","decl":{"start":{"line":26,"column":2},"end":{"line":26,"column":11}},"loc":{"start":{"line":26,"column":11},"end":{"line":40,"column":null}},"line":26},"4":{"name":"(anonymous_4)","decl":{"start":{"line":33,"column":12},"end":{"line":33,"column":27}},"loc":{"start":{"line":33,"column":27},"end":{"line":33,"column":61}},"line":33}},"branchMap":{"0":{"loc":{"start":{"line":27,"column":4},"end":{"line":36,"column":null}},"type":"if","locations":[{"start":{"line":27,"column":4},"end":{"line":36,"column":null}},{"start":{},"end":{}}],"line":27}},"s":{"0":10,"1":10,"2":10,"3":5,"4":20,"5":10,"6":1,"7":10},"f":{"0":10,"1":2,"2":5,"3":20,"4":1},"b":{"0":[10,10]},"meta":{"lastBranch":1,"lastFunction":5,"lastStatement":8,"seen":{"f:14:2:14:14":0,"s:15:4:15:Infinity":0,"s:16:4:16:Infinity":1,"f:19:9:19:56":1,"s:20:4:20:Infinity":2,"f:23:2:23:20":2,"s:24:4:24:Infinity":3,"f:26:2:26:11":3,"b:27:4:36:Infinity:undefined:undefined:undefined:undefined":0,"s:27:4:36:Infinity":4,"s:28:6:36:Infinity":5,"f:33:12:33:27":4,"s:33:27:33:61":6,"s:40:4:40:Infinity":7}}}
,"C:\\Users\\User\\Desktop\\rs-react\\rsschool-react\\src\\components\\Input.tsx": {"path":"C:\\Users\\User\\Desktop\\rs-react\\rsschool-react\\src\\components\\Input.tsx","statementMap":{"0":{"start":{"line":11,"column":44},"end":{"line":11,"column":null}},"1":{"start":{"line":12,"column":4},"end":{"line":22,"column":null}},"2":{"start":{"line":20,"column":29},"end":{"line":20,"column":null}}},"fnMap":{"0":{"name":"(anonymous_0)","decl":{"start":{"line":10,"column":2},"end":{"line":10,"column":11}},"loc":{"start":{"line":10,"column":11},"end":{"line":22,"column":null}},"line":10},"1":{"name":"(anonymous_1)","decl":{"start":{"line":20,"column":12},"end":{"line":20,"column":23}},"loc":{"start":{"line":20,"column":29},"end":{"line":20,"column":null}},"line":20}},"branchMap":{},"s":{"0":54,"1":54,"2":24},"f":{"0":54,"1":24},"b":{},"meta":{"lastBranch":0,"lastFunction":2,"lastStatement":3,"seen":{"f:10:2:10:11":0,"s:11:44:11:Infinity":0,"s:12:4:22:Infinity":1,"f:20:12:20:23":1,"s:20:29:20:Infinity":2}}}
,"C:\\Users\\User\\Desktop\\rs-react\\rsschool-react\\src\\test-utils\\mocks.ts": {"path":"C:\\Users\\User\\Desktop\\rs-react\\rsschool-react\\src\\test-utils\\mocks.ts","statementMap":{"0":{"start":{"line":1,"column":27},"end":{"line":9,"column":null}},"1":{"start":{"line":11,"column":31},"end":{"line":17,"column":null}}},"fnMap":{},"branchMap":{},"s":{"0":4,"1":4},"f":{},"b":{},"meta":{"lastBranch":0,"lastFunction":0,"lastStatement":2,"seen":{"s:1:27:9:Infinity":0,"s:11:31:17:Infinity":1}}}
}
